<?xml version="1.0" encoding="UTF-8"?>
<!-- Generated by org.testng.reporters.JUnitReportReporter -->
<testsuite hostname="LAPTOP-0AJN2U9R" failures="0" tests="1" name="runner.runner" time="199.565" errors="0" timestamp="2022-03-29T09:20:04 CST" skipped="0">
  <testcase classname="runner.runner" name="runScenario" time="199.565"/>
  <system-out/>
</testsuite> <!-- runner.runner -->
