<?xml version="1.0" encoding="UTF-8"?>
<!-- Generated by org.testng.reporters.JUnitReportReporter -->
<testsuite hostname="LAPTOP-0AJN2U9R" failures="0" tests="1" name="runner.runner" time="472.564" errors="0" timestamp="2022-03-22T15:37:55 CST" skipped="0">
  <testcase classname="runner.runner" name="runScenario" time="472.564"/>
  <system-out/>
</testsuite> <!-- runner.runner -->
